<?xml version="1.0" encoding="UTF-8"?>
<testsuites>
  <testsuite name="CodeIgniter Application Test Suite" tests="1" assertions="1" failures="0" errors="0" time="0.286294">
    <testsuite name="Welcome_test" file="C:\wamp64\www\unleash\application\tests\controllers\Welcome_test.php" tests="0" assertions="0" failures="0" errors="0" time="0.000000"/>
    <testsuite name="Messages_model_test" file="C:\wamp64\www\unleash\application\tests\models\Messages_model_test.php" tests="0" assertions="0" failures="0" errors="0" time="0.000000"/>
    <testsuite name="Users_model_test" file="C:\wamp64\www\unleash\application\tests\models\Users_model_test.php" tests="1" assertions="1" failures="0" errors="0" time="0.286294">
      <testcase name="test_get_users_list" class="Users_model_test" file="C:\wamp64\www\unleash\application\tests\models\Users_model_test.php" line="41" assertions="1" time="0.286294"/>
    </testsuite>
  </testsuite>
</testsuites>
